[ 2017-11-06T12:35:29+08:00 ] ::1 /yitian/index.php/home/leavingmsg/Leaving
ERR: 1364:Field 'name' doesn't have a default value
 [ SQL语句 ] : INSERT INTO `cms_leavingmsg` (`email`) VALUES ('1317495859@qq.com')

[ 2017-11-06T12:37:55+08:00 ] ::1 /yitian/index.php/home/leavingmsg/Leaving
ERR: 1292:Incorrect datetime value: 'time' for column 'create_time' at row 1
 [ SQL语句 ] : INSERT INTO `cms_leavingmsg` (`email`,`create_time`) VALUES ('1317495859@qq.com','time')

[ 2017-11-06T12:39:27+08:00 ] ::1 /yitian/index.php/home/leavingmsg/Leaving
ERR: 1292:Incorrect datetime value: 'time' for column 'create_time' at row 1
 [ SQL语句 ] : INSERT INTO `cms_leavingmsg` (`email`,`create_time`) VALUES ('1317495859@qq.com','time')

[ 2017-11-06T12:39:37+08:00 ] ::1 /yitian/index.php/home/leavingmsg/Leaving
ERR: 1364:Field 'name' doesn't have a default value
 [ SQL语句 ] : INSERT INTO `cms_leavingmsg` (`email`) VALUES ('1317495859@qq.com')

[ 2017-11-06T12:40:00+08:00 ] ::1 /yitian/index.php/home/leavingmsg/Leaving
ERR: 1292:Incorrect datetime value: 'time' for column 'create_time' at row 1
 [ SQL语句 ] : INSERT INTO `cms_leavingmsg` (`email`,`create_time`) VALUES ('1317495859@qq.com','time')

[ 2017-11-06T12:44:45+08:00 ] ::1 /yitian/index.php/home/leavingmsg/Leaving
ERR: 1292:Incorrect datetime value: 'time' for column 'create_time' at row 1
 [ SQL语句 ] : INSERT INTO `cms_leavingmsg` (`email`,`create_time`) VALUES ('1317495859@qq.com','time')

[ 2017-11-06T12:46:14+08:00 ] ::1 /yitian/index.php/home/leavingmsg/Leaving
ERR: Class 'Home\Controller\Model' not found

[ 2017-11-06T12:47:45+08:00 ] ::1 /yitian/index.php/home/leavingmsg/Leaving
ERR: Class 'Home\Controller\Model' not found

[ 2017-11-06T12:49:16+08:00 ] ::1 /yitian/index.php/home/leavingmsg/Leaving
ERR: 1364:Field 'name' doesn't have a default value
 [ SQL语句 ] : INSERT INTO `cms_leavingmsg` (`email`) VALUES ('1317495859@qq.com')

[ 2017-11-06T12:49:40+08:00 ] ::1 /yitian/index.php/home/leavingmsg/Leaving
ERR: 1364:Field 'name' doesn't have a default value
 [ SQL语句 ] : INSERT INTO `cms_leavingmsg` (`email`) VALUES ('')

[ 2017-11-06T12:50:15+08:00 ] ::1 /yitian/index.php/home/leavingmsg/Leaving
ERR: 1292:Incorrect datetime value: 'time' for column 'create_time' at row 1
 [ SQL语句 ] : INSERT INTO `cms_leavingmsg` (`email`,`create_time`) VALUES ('','time')

[ 2017-11-06T12:52:49+08:00 ] ::1 /yitian/index.php/home/leavingmsg/Leaving
ERR: Class 'Home\Controller\Model' not found

[ 2017-11-06T12:58:06+08:00 ] ::1 /yitian/index.php/home/leavingmsg/Leaving
ERR: Call to a member function getError() on array

[ 2017-11-06T12:58:44+08:00 ] ::1 /yitian/index.php/home/leavingmsg/Leaving
ERR: Call to a member function getError() on array

[ 2017-11-06T15:07:24+08:00 ] ::1 /yitian/index.php/home/leavingmsg/Leaving
ERR: Too few arguments to function getJson(), 2 passed in F:\install\phpApache\Apache24\htdocs\yitian\webApp\Home\Controller\LeavingmsgController.class.php on line 29 and exactly 4 expected

[ 2017-11-06T15:16:27+08:00 ] ::1 /yitian/index.php/home/leavingmsg/Leaving
ERR: 1364:Field 'ip' doesn't have a default value
 [ SQL语句 ] : INSERT INTO `cms_leavingmsg` (`email`,`name`,`title`,`content`) VALUES ('12312@qq.com','hantao','asdasd','asdasdasdasd')

[ 2017-11-06T15:17:35+08:00 ] ::1 /yitian/index.php/home/leavingmsg/Leaving
ERR: 1364:Field 'create_time' doesn't have a default value
 [ SQL语句 ] : INSERT INTO `cms_leavingmsg` (`email`,`name`,`title`,`content`,`ip`) VALUES ('12312@qq.com','hantao','asdasd','asdasdasdasd','::1')

[ 2017-11-06T23:07:14+08:00 ] ::1 /yitian/index.php/home/leavingmsg/index
ERR: 模板不存在:./webApp/Home/View/Leavingmsg/index.html

