[ 2017-11-15T00:10:14+08:00 ] ::1 /yitian/
ERR: Call to a member function assign() on null

[ 2017-11-15T10:00:24+08:00 ] ::1 /yitian/index.php/leavingmsg/sendMail
INFO: [ app_begin ] --START--
INFO: Run Behavior\ReadHtmlCacheBehavior [ RunTime:0.001000s ]
INFO: [ app_begin ] --END-- [ RunTime:0.001000s ]

[ 2017-11-15T10:00:47+08:00 ] ::1 /yitian/index.php/leavingmsg/sendMail
INFO: [ app_begin ] --START--
INFO: Run Behavior\ReadHtmlCacheBehavior [ RunTime:0.000000s ]
INFO: [ app_begin ] --END-- [ RunTime:0.001000s ]

[ 2017-11-15T10:02:11+08:00 ] ::1 /yitian/index.php/leavingmsg/sendMail
INFO: [ app_begin ] --START--
INFO: Run Behavior\ReadHtmlCacheBehavior [ RunTime:0.000000s ]
INFO: [ app_begin ] --END-- [ RunTime:0.001000s ]

[ 2017-11-15T10:02:57+08:00 ] ::1 /yitian/index.php/leavingmsg/sendMail
INFO: [ app_begin ] --START--
INFO: Run Behavior\ReadHtmlCacheBehavior [ RunTime:0.000000s ]
INFO: [ app_begin ] --END-- [ RunTime:0.000000s ]

[ 2017-11-15T10:07:28+08:00 ] ::1 /yitian/index.php/leavingmsg/sendMail
INFO: [ app_begin ] --START--
INFO: Run Behavior\ReadHtmlCacheBehavior [ RunTime:0.001000s ]
INFO: [ app_begin ] --END-- [ RunTime:0.001000s ]

[ 2017-11-15T10:09:28+08:00 ] ::1 /yitian/index.php/leavingmsg/sendMail
INFO: [ app_begin ] --START--
INFO: Run Behavior\ReadHtmlCacheBehavior [ RunTime:0.000000s ]
INFO: [ app_begin ] --END-- [ RunTime:0.001000s ]

[ 2017-11-15T10:10:51+08:00 ] ::1 /yitian/index.php/leavingmsg/sendMail
INFO: [ app_begin ] --START--
INFO: Run Behavior\ReadHtmlCacheBehavior [ RunTime:0.001000s ]
INFO: [ app_begin ] --END-- [ RunTime:0.001000s ]

[ 2017-11-15T10:12:35+08:00 ] ::1 /yitian/index.php/leavingmsg/sendMail
INFO: [ app_begin ] --START--
INFO: Run Behavior\ReadHtmlCacheBehavior [ RunTime:0.001000s ]
INFO: [ app_begin ] --END-- [ RunTime:0.001000s ]

[ 2017-11-15T10:14:01+08:00 ] ::1 /yitian/index.php/leavingmsg/sendMail
INFO: [ app_begin ] --START--
INFO: Run Behavior\ReadHtmlCacheBehavior [ RunTime:0.000000s ]
INFO: [ app_begin ] --END-- [ RunTime:0.001000s ]

[ 2017-11-15T10:14:27+08:00 ] ::1 /yitian/index.php/leavingmsg/sendMail
INFO: [ app_begin ] --START--
INFO: Run Behavior\ReadHtmlCacheBehavior [ RunTime:0.000000s ]
INFO: [ app_begin ] --END-- [ RunTime:0.001000s ]

[ 2017-11-15T10:19:54+08:00 ] ::1 /yitian/index.php/leavingmsg/sendMail
INFO: [ app_begin ] --START--
INFO: Run Behavior\ReadHtmlCacheBehavior [ RunTime:0.001000s ]
INFO: [ app_begin ] --END-- [ RunTime:0.002000s ]

[ 2017-11-15T10:20:20+08:00 ] ::1 /yitian/index.php/leavingmsg/Leaving
INFO: [ app_begin ] --START--
INFO: Run Behavior\ReadHtmlCacheBehavior [ RunTime:0.001000s ]
INFO: [ app_begin ] --END-- [ RunTime:0.001000s ]
SQL: SHOW COLUMNS FROM `cms_leavingmsg` [ RunTime:0.0010s ]
SQL: SHOW COLUMNS FROM `cms_leavingmsg` [ RunTime:0.0010s ]
NOTIC: [8] Undefined index: validate F:\install\phpApache\Apache24\htdocs\yitian\ThinkPHP\Library\Think\Model.class.php 第 1185 行.
NOTIC: [8] Undefined index: auto F:\install\phpApache\Apache24\htdocs\yitian\ThinkPHP\Library\Think\Model.class.php 第 1128 行.
SQL: INSERT INTO `cms_leavingmsg` (`name`,`email`,`title`,`content`,`create_time`,`ip`) VALUES ('韩涛','1203290283@qq.com','测试乡村策划i','12313123苏大嫂大嫂大嫂大赛等','2017-11-15 10:20:20','::1') [ RunTime:0.1020s ]

