[ 2017-10-30T10:37:55+08:00 ] ::1 /yitian/index.php/admin/upload/kindUpload
INFO: [ app_begin ] --START--
INFO: Run Behavior\ReadHtmlCacheBehavior [ RunTime:0.000000s ]
INFO: [ app_begin ] --END-- [ RunTime:0.001000s ]
NOTIC: [8] Use of undefined constant Y - assumed 'Y' F:\install\phpApache\Apache24\htdocs\yitian\webApp\Common\Model\UploadModel.class.php 第 19 行.
NOTIC: [8] Use of undefined constant m - assumed 'm' F:\install\phpApache\Apache24\htdocs\yitian\webApp\Common\Model\UploadModel.class.php 第 19 行.
NOTIC: [8] Use of undefined constant d - assumed 'd' F:\install\phpApache\Apache24\htdocs\yitian\webApp\Common\Model\UploadModel.class.php 第 19 行.
NOTIC: [2] call_user_func() expects parameter 1 to be a valid callback, no array or string given F:\install\phpApache\Apache24\htdocs\yitian\ThinkPHP\Library\Think\Upload.class.php 第 170 行.

[ 2017-10-30T10:42:27+08:00 ] ::1 /yitian/index.php/Admin/PositionContent/add.html
NOTIC: 建议使用E方法替代throw_exception

[ 2017-10-30T10:43:07+08:00 ] ::1 /yitian/index.php/Admin/PositionContent/add.html
NOTIC: 建议使用E方法替代throw_exception

[ 2017-10-30T10:44:54+08:00 ] ::1 /yitian/index.php/admin/PositionContent/push
INFO: [ app_begin ] --START--
INFO: Run Behavior\ReadHtmlCacheBehavior [ RunTime:0.001000s ]
INFO: [ app_begin ] --END-- [ RunTime:0.001000s ]
SQL: SHOW COLUMNS FROM `cms_news` [ RunTime:0.0010s ]
SQL: SHOW COLUMNS FROM `cms_news` [ RunTime:0.0000s ]
SQL: SELECT * FROM `cms_news` WHERE `news_id` IN ('36')  [ RunTime:0.0000s ]
NOTIC: [2] Declaration of Common\Model\PositionContentModel::add($data = Array) should be compatible with Think\Model::add($data = '', $options = Array, $replace = false) F:\install\phpApache\Apache24\htdocs\yitian\webApp\Common\Model\PositionContentModel.class.php 第 73 行.
NOTIC: [2] Declaration of Common\Model\PositionContentModel::find($data) should be compatible with Think\Model::find($options = Array) F:\install\phpApache\Apache24\htdocs\yitian\webApp\Common\Model\PositionContentModel.class.php 第 73 行.
SQL: SHOW COLUMNS FROM `cms_position_content` [ RunTime:0.0000s ]
SQL: SHOW COLUMNS FROM `cms_position_content` [ RunTime:0.0010s ]
NOTIC: [8] Undefined index: validate F:\install\phpApache\Apache24\htdocs\yitian\ThinkPHP\Library\Think\Model.class.php 第 1185 行.
NOTIC: [8] Undefined index: auto F:\install\phpApache\Apache24\htdocs\yitian\ThinkPHP\Library\Think\Model.class.php 第 1128 行.
SQL: INSERT INTO `cms_position_content` (`position_id`,`title`,`thumb`,`news_id`,`status`,`create_time`,`update_time`) VALUES ('7','sdfssd','','36','1','2017-10-30 10:44:54','2017-10-30 10:44:54') [ RunTime:0.0000s ]
NOTIC: [8] Use of undefined constant JSON - assumed 'JSON' F:\install\phpApache\Apache24\htdocs\yitian\webApp\Admin\Controller\PositionContentController.class.php 第 49 行.

[ 2017-10-30T11:51:27+08:00 ] ::1 /yitian/index.php/Admin/Index/indx.html?v=4.0
ERR: 非法操作:indx

