[ 2017-11-02T13:57:39+08:00 ] ::1 /yitian/index.php/admin/news/addNew.html?v=4.0
ERR: Think\Model:getMenuList方法不存在！

[ 2017-11-02T13:59:09+08:00 ] ::1 /yitian/index.php/admin/news/addNew.html?v=4.0
ERR: Think\Model:getMenuList方法不存在！

[ 2017-11-02T14:04:00+08:00 ] ::1 /yitian/index.php/admin/upload/Uploadimg
INFO: [ app_begin ] --START--
INFO: Run Behavior\ReadHtmlCacheBehavior [ RunTime:0.000000s ]
INFO: [ app_begin ] --END-- [ RunTime:0.001000s ]
NOTIC: [8] Use of undefined constant Y - assumed 'Y' F:\install\phpApache\Apache24\htdocs\yitian\webApp\Common\Model\UploadModel.class.php 第 19 行.
NOTIC: [8] Use of undefined constant m - assumed 'm' F:\install\phpApache\Apache24\htdocs\yitian\webApp\Common\Model\UploadModel.class.php 第 19 行.
NOTIC: [8] Use of undefined constant d - assumed 'd' F:\install\phpApache\Apache24\htdocs\yitian\webApp\Common\Model\UploadModel.class.php 第 19 行.
NOTIC: [2] call_user_func() expects parameter 1 to be a valid callback, no array or string given F:\install\phpApache\Apache24\htdocs\yitian\ThinkPHP\Library\Think\Upload.class.php 第 170 行.
SQL: SHOW COLUMNS FROM `cms_files` [ RunTime:0.0010s ]
SQL: INSERT INTO `cms_files` (`name`,`type`,`path`,`updata_time`,`author`) VALUES ('59fab550c4b03.png','image/png','/upload/2017/11/02/59fab550c4b03.png','2017-11-02 14:04:00','ceshi') [ RunTime:0.0710s ]

[ 2017-11-02T14:17:05+08:00 ] ::1 /yitian/index.php/admin/upload/Uploadimg
INFO: [ app_begin ] --START--
INFO: Run Behavior\ReadHtmlCacheBehavior [ RunTime:0.000000s ]
INFO: [ app_begin ] --END-- [ RunTime:0.000000s ]
NOTIC: [8] Use of undefined constant Y - assumed 'Y' F:\install\phpApache\Apache24\htdocs\yitian\webApp\Common\Model\UploadModel.class.php 第 19 行.
NOTIC: [8] Use of undefined constant m - assumed 'm' F:\install\phpApache\Apache24\htdocs\yitian\webApp\Common\Model\UploadModel.class.php 第 19 行.
NOTIC: [8] Use of undefined constant d - assumed 'd' F:\install\phpApache\Apache24\htdocs\yitian\webApp\Common\Model\UploadModel.class.php 第 19 行.
NOTIC: [2] call_user_func() expects parameter 1 to be a valid callback, no array or string given F:\install\phpApache\Apache24\htdocs\yitian\ThinkPHP\Library\Think\Upload.class.php 第 170 行.
SQL: SHOW COLUMNS FROM `cms_files` [ RunTime:0.0000s ]
SQL: INSERT INTO `cms_files` (`name`,`type`,`path`,`updata_time`,`author`) VALUES ('59fab860edb48.png','image/png','/upload/2017/11/02/59fab860edb48.png','2017-11-02 14:17:04','ceshi') [ RunTime:0.0600s ]

[ 2017-11-02T14:18:37+08:00 ] ::1 /yitian/index.php/admin/news/showChangePage/newsid/38.html
ERR: Think\Model:getMenuList方法不存在！

[ 2017-11-02T14:31:46+08:00 ] ::1 /yitian/index.php/Admin/Index/ShowData.html
ERR: Think\Model:getNewsListcount方法不存在！

