[ 2017-12-15T20:20:21+08:00 ] ::1 /yitian/index.php/Admin/Files/getNewsList.html
ERR: 非法操作:getNewsList

[ 2017-12-15T20:24:31+08:00 ] ::1 /yitian/index.php/Admin/Files/getNewsList.html
ERR: 非法操作:getNewsList

[ 2017-12-15T20:30:49+08:00 ] ::1 /yitian/index.php/admin/upload/Uploadimg
INFO: [ app_begin ] --START--
INFO: Run Behavior\ReadHtmlCacheBehavior [ RunTime:0.000000s ]
INFO: [ app_begin ] --END-- [ RunTime:0.000000s ]
NOTIC: [8] Use of undefined constant Y - assumed 'Y' F:\install\phpApache\Apache24\htdocs\yitian\webApp\Common\Model\UploadModel.class.php 第 19 行.
NOTIC: [8] Use of undefined constant m - assumed 'm' F:\install\phpApache\Apache24\htdocs\yitian\webApp\Common\Model\UploadModel.class.php 第 19 行.
NOTIC: [8] Use of undefined constant d - assumed 'd' F:\install\phpApache\Apache24\htdocs\yitian\webApp\Common\Model\UploadModel.class.php 第 19 行.
NOTIC: [2] call_user_func() expects parameter 1 to be a valid callback, no array or string given F:\install\phpApache\Apache24\htdocs\yitian\ThinkPHP\Library\Think\Upload.class.php 第 170 行.
SQL: SHOW COLUMNS FROM `cms_files` [ RunTime:0.0010s ]
SQL: INSERT INTO `cms_files` (`name`,`type`,`path`,`updata_time`,`author`) VALUES ('5a33c079b72e3.jpg','image/jpeg','/upload/2017/12/15/5a33c079b72e3.jpg','2017-12-15 20:30:49','ceshi') [ RunTime:0.0620s ]

[ 2017-12-15T20:31:37+08:00 ] ::1 /yitian/index.php/admin/upload/Uploadimg
INFO: [ app_begin ] --START--
INFO: Run Behavior\ReadHtmlCacheBehavior [ RunTime:0.000000s ]
INFO: [ app_begin ] --END-- [ RunTime:0.000000s ]
NOTIC: [8] Use of undefined constant Y - assumed 'Y' F:\install\phpApache\Apache24\htdocs\yitian\webApp\Common\Model\UploadModel.class.php 第 19 行.
NOTIC: [8] Use of undefined constant m - assumed 'm' F:\install\phpApache\Apache24\htdocs\yitian\webApp\Common\Model\UploadModel.class.php 第 19 行.
NOTIC: [8] Use of undefined constant d - assumed 'd' F:\install\phpApache\Apache24\htdocs\yitian\webApp\Common\Model\UploadModel.class.php 第 19 行.
NOTIC: [2] call_user_func() expects parameter 1 to be a valid callback, no array or string given F:\install\phpApache\Apache24\htdocs\yitian\ThinkPHP\Library\Think\Upload.class.php 第 170 行.
SQL: SHOW COLUMNS FROM `cms_files` [ RunTime:0.0000s ]
SQL: INSERT INTO `cms_files` (`name`,`type`,`path`,`updata_time`,`author`) VALUES ('5a33c0a9763d3.png','image/png','/upload/2017/12/15/5a33c0a9763d3.png','2017-12-15 20:31:37','ceshi') [ RunTime:0.0930s ]

[ 2017-12-15T20:39:15+08:00 ] ::1 /yitian/index.php/admin/upload/Uploadimg
INFO: [ app_begin ] --START--
INFO: Run Behavior\ReadHtmlCacheBehavior [ RunTime:0.000000s ]
INFO: [ app_begin ] --END-- [ RunTime:0.000000s ]
NOTIC: [8] Use of undefined constant Y - assumed 'Y' F:\install\phpApache\Apache24\htdocs\yitian\webApp\Common\Model\UploadModel.class.php 第 19 行.
NOTIC: [8] Use of undefined constant m - assumed 'm' F:\install\phpApache\Apache24\htdocs\yitian\webApp\Common\Model\UploadModel.class.php 第 19 行.
NOTIC: [8] Use of undefined constant d - assumed 'd' F:\install\phpApache\Apache24\htdocs\yitian\webApp\Common\Model\UploadModel.class.php 第 19 行.
NOTIC: [2] call_user_func() expects parameter 1 to be a valid callback, no array or string given F:\install\phpApache\Apache24\htdocs\yitian\ThinkPHP\Library\Think\Upload.class.php 第 170 行.
SQL: SHOW COLUMNS FROM `cms_files` [ RunTime:0.0010s ]
SQL: INSERT INTO `cms_files` (`name`,`type`,`path`,`updata_time`,`author`) VALUES ('5a33c2731f533.jpg','image/jpeg','/upload/2017/12/15/5a33c2731f533.jpg','2017-12-15 20:39:15','ceshi') [ RunTime:0.0650s ]

[ 2017-12-15T20:45:36+08:00 ] ::1 /yitian/index.php/admin/upload/Uploadimg
INFO: [ app_begin ] --START--
INFO: Run Behavior\ReadHtmlCacheBehavior [ RunTime:0.000000s ]
INFO: [ app_begin ] --END-- [ RunTime:0.000000s ]
NOTIC: [8] Use of undefined constant Y - assumed 'Y' F:\install\phpApache\Apache24\htdocs\yitian\webApp\Common\Model\UploadModel.class.php 第 19 行.
NOTIC: [8] Use of undefined constant m - assumed 'm' F:\install\phpApache\Apache24\htdocs\yitian\webApp\Common\Model\UploadModel.class.php 第 19 行.
NOTIC: [8] Use of undefined constant d - assumed 'd' F:\install\phpApache\Apache24\htdocs\yitian\webApp\Common\Model\UploadModel.class.php 第 19 行.
NOTIC: [2] call_user_func() expects parameter 1 to be a valid callback, no array or string given F:\install\phpApache\Apache24\htdocs\yitian\ThinkPHP\Library\Think\Upload.class.php 第 170 行.
SQL: SHOW COLUMNS FROM `cms_files` [ RunTime:0.0010s ]
SQL: INSERT INTO `cms_files` (`name`,`type`,`path`,`updata_time`,`author`) VALUES ('5a33c3f066dbb.doc','application/msword','/upload/2017/12/15/5a33c3f066dbb.doc','2017-12-15 20:45:36','ceshi') [ RunTime:0.1010s ]

